
Showing logs for build [32mcb-kubecd-environment-pr-502-4-2qn2k-1[0m stage [32mfrom-build-pack[0m and container [32mstep-credential-initializer-8wgvs[0m
{"level":"info","ts":1587632127.4476292,"logger":"fallback-logger","caller":"logging/config.go:69","msg":"Fetch GitHub commit ID from kodata failed: open /var/run/ko/refs/heads/0.8.0-ns-support: no such file or directory"}
{"level":"info","ts":1587632127.4615397,"logger":"fallback-logger","caller":"creds-init/main.go:40","msg":"Credentials initialized."}

Showing logs for build [32mcb-kubecd-environment-pr-502-4-2qn2k-1[0m stage [32mfrom-build-pack[0m and container [32mstep-working-dir-initializer-tbq8d[0m
{"level":"info","ts":1587632128.0722978,"logger":"fallback-logger","caller":"logging/config.go:69","msg":"Fetch GitHub commit ID from kodata failed: open /var/run/ko/HEAD: no such file or directory"}
{"level":"info","ts":1587632128.0765746,"logger":"fallback-logger","caller":"bash/main.go:64","msg":"Successfully executed command \"sh -c mkdir -p /workspace/source\"; output "}

Showing logs for build [32mcb-kubecd-environment-pr-502-4-2qn2k-1[0m stage [32mfrom-build-pack[0m and container [32mstep-place-tools[0m

Showing logs for build [32mcb-kubecd-environment-pr-502-4-2qn2k-1[0m stage [32mfrom-build-pack[0m and container [32mstep-git-source-cb-kubecd-environment-pr-502-4-2qn2k-kjpj5[0m
{"level":"info","ts":1587632132.6134534,"logger":"fallback-logger","caller":"logging/config.go:69","msg":"Fetch GitHub commit ID from kodata failed: open /var/run/ko/refs/heads/0.8.0-ns-support: no such file or directory"}
{"level":"info","ts":1587632133.676914,"logger":"fallback-logger","caller":"git/git.go:103","msg":"Successfully cloned https://github.com/cb-kubecd/environment-pr-502-4-bdd-frontend-staging.git @ master in path /workspace/source"}

Showing logs for build [32mcb-kubecd-environment-pr-502-4-2qn2k-1[0m stage [32mfrom-build-pack[0m and container [32mstep-git-merge[0m
Using SHAs from PULL_REFS=master:ce74d7466b20b4ae5628e8142ce82017a41b8d1e,1:3870d8d763d8e4328771aa4e5f4937225abce4cf
DEBUG: LC_ALL=C JX_LOG_LEVEL=error git fetch origin --unshallow 3870d8d763d8e4328771aa4e5f4937225abce4cf: ce74d7466b20b4ae5628e8142ce82017a41b8d1e:
DEBUG: ran git fetch --unshallow origin 3870d8d763d8e4328771aa4e5f4937225abce4cf: ce74d7466b20b4ae5628e8142ce82017a41b8d1e: in 
DEBUG: LC_ALL=C JX_LOG_LEVEL=error git branch
DEBUG: LC_ALL=C JX_LOG_LEVEL=error git checkout master
DEBUG: ran git checkout master in 
DEBUG: LC_ALL=C JX_LOG_LEVEL=error git reset --hard ce74d7466b20b4ae5628e8142ce82017a41b8d1e
DEBUG: ran git reset --hard ce74d7466b20b4ae5628e8142ce82017a41b8d1e in 
DEBUG: LC_ALL=C JX_LOG_LEVEL=error git clean -fd .
DEBUG: ran clean --force -d . in 
DEBUG: LC_ALL=C JX_LOG_LEVEL=error git merge 3870d8d763d8e4328771aa4e5f4937225abce4cf
DEBUG: ran git merge 3870d8d763d8e4328771aa4e5f4937225abce4cf in 
DEBUG: LC_ALL=C JX_LOG_LEVEL=error git log --format=%H%x1f%an%x1f%ae%x1f%cn%x1f%ce%x1f%s%n%b%x1e ce74d7466b20b4ae5628e8142ce82017a41b8d1e..HEAD
Merged SHA 3870d8d763d8e4328771aa4e5f4937225abce4cf with commit message 'chore: Promote bdd-nh-1587631071 to version 0.0.1' into base branch master

Showing logs for build [32mcb-kubecd-environment-pr-502-4-2qn2k-1[0m stage [32mfrom-build-pack[0m and container [32mstep-build-helm-build[0m
WARNING: No $CHART_REPOSITORY defined so using the default value of: http://jenkins-x-chartmuseum:8080
Adding missing Helm repo: storage.googleapis.com https://storage.googleapis.com/chartmuseum.jenkins-x.io
WARNING: No secrets found on "helm/repos" due: reading the secret "helm/repos" from vault: no secret "helm/repos" not found in vault
Read credentials for https://storage.googleapis.com/chartmuseum.jenkins-x.io from vault helm/repos
Successfully added Helm repository storage.googleapis.com.
Adding missing Helm repo: jenkins-x-chartmuseum http://jenkins-x-chartmuseum:8080
WARNING: No secrets found on "helm/repos" due: reading the secret "helm/repos" from vault: no secret "helm/repos" not found in vault
Read credentials for http://jenkins-x-chartmuseum:8080 from vault helm/repos
Successfully added Helm repository jenkins-x-chartmuseum.
WARNING: No $CHART_REPOSITORY defined so using the default value of: http://jenkins-x-chartmuseum:8080
Adding missing Helm repo: chartmuseum.jenkins-x.io http://chartmuseum.jenkins-x.io
WARNING: No secrets found on "helm/repos" due: reading the secret "helm/repos" from vault: no secret "helm/repos" not found in vault
Read credentials for http://chartmuseum.jenkins-x.io from vault helm/repos
Successfully added Helm repository chartmuseum.jenkins-x.io.
